<?xml version="1.0" encoding="UTF-8"?>
<!-- Generated by org.testng.reporters.JUnitReportReporter -->
<testsuite hostname="HP" name="com.groupid.firstmavenproject.CCMApiTest" tests="30" failures="0" timestamp="25 Jan 2018 12:02:29 GMT" time="14.076" errors="0">
  <testcase name="updateprofile" time="0.218" classname="com.groupid.firstmavenproject.CCMApiTest"/>
  <testcase name="registerUser" time="0.474" classname="com.groupid.firstmavenproject.CCMApiTest"/>
  <testcase name="brandType" time="3.484" classname="com.groupid.firstmavenproject.CCMApiTest"/>
  <testcase name="randomadvertisement" time="0.214" classname="com.groupid.firstmavenproject.CCMApiTest"/>
  <testcase name="getfeedbacktype" time="0.235" classname="com.groupid.firstmavenproject.CCMApiTest"/>
  <testcase name="forgotpassword" time="0.297" classname="com.groupid.firstmavenproject.CCMApiTest"/>
  <testcase name="productlist" time="0.297" classname="com.groupid.firstmavenproject.CCMApiTest"/>
  <testcase name="basicpages" time="0.814" classname="com.groupid.firstmavenproject.CCMApiTest"/>
  <testcase name="advertisementsdetail" time="0.203" classname="com.groupid.firstmavenproject.CCMApiTest"/>
  <testcase name="ccmLogin" time="1.660" classname="com.groupid.firstmavenproject.CCMApiTest"/>
  <testcase name="mypoints" time="0.239" classname="com.groupid.firstmavenproject.CCMApiTest"/>
  <testcase name="getcountry" time="1.217" classname="com.groupid.firstmavenproject.CCMApiTest"/>
  <testcase name="usergiftlist" time="0.297" classname="com.groupid.firstmavenproject.CCMApiTest"/>
  <testcase name="productstore" time="0.222" classname="com.groupid.firstmavenproject.CCMApiTest"/>
  <testcase name="myprofile" time="0.403" classname="com.groupid.firstmavenproject.CCMApiTest"/>
  <testcase name="giftdetail" time="0.322" classname="com.groupid.firstmavenproject.CCMApiTest"/>
  <testcase name="advertisementsdelete" time="0.219" classname="com.groupid.firstmavenproject.CCMApiTest"/>
  <testcase name="userpoint" time="0.234" classname="com.groupid.firstmavenproject.CCMApiTest"/>
  <testcase name="logOut" time="0.219" classname="com.groupid.firstmavenproject.CCMApiTest"/>
  <testcase name="sendverificationlink" time="0.259" classname="com.groupid.firstmavenproject.CCMApiTest"/>
  <testcase name="changepassword" time="0.344" classname="com.groupid.firstmavenproject.CCMApiTest"/>
  <testcase name="mygifts" time="0.219" classname="com.groupid.firstmavenproject.CCMApiTest"/>
  <testcase name="categoryType" time="0.359" classname="com.groupid.firstmavenproject.CCMApiTest"/>
  <testcase name="promotionlist" time="0.198" classname="com.groupid.firstmavenproject.CCMApiTest"/>
  <testcase name="productimage" time="0.234" classname="com.groupid.firstmavenproject.CCMApiTest"/>
  <testcase name="promotionproductlist" time="0.203" classname="com.groupid.firstmavenproject.CCMApiTest"/>
  <testcase name="advertisementlist" time="0.242" classname="com.groupid.firstmavenproject.CCMApiTest"/>
  <testcase name="myRewards" time="0.265" classname="com.groupid.firstmavenproject.CCMApiTest"/>
  <testcase name="advertisementgetproduct" time="0.219" classname="com.groupid.firstmavenproject.CCMApiTest"/>
  <testcase name="updatedevicedetails" time="0.266" classname="com.groupid.firstmavenproject.CCMApiTest"/>
</testsuite> <!-- com.groupid.firstmavenproject.CCMApiTest -->
